<?xml version="1.0" encoding="UTF-8"?>
<!-- Generated by org.testng.reporters.JUnitXMLReporter -->
<testsuite ignored="2" hostname="SeenaReddy" failures="0" tests="9" name="AnushaTest" time="35.167" errors="0" timestamp="2025-04-26T07:38:33 MDT">
  <testcase classname="testng.FirstProgram" name="f" time="19.087"/>
  <testcase classname="testng.Fblogin" name="f" time="5.274"/>
  <testcase classname="testng.AnnotationsDemo1" name="tc_02_composeAnEmail" time="0.002"/>
  <testcase classname="testng.AnnotationsDemo1" name="tc_04_logoutonGmail" time="0.002"/>
  <testcase classname="testng.Assignment12" name="f" time="9.364"/>
  <testcase classname="testng.AnnotationsDemo3" name="a" time="0.003"/>
  <testcase classname="testng.AnnotationsDemo3" name="f" time="0.002"/>
  <testcase classname="testng.AnnotationsDemo3" name="k" time="0.001"/>
  <testcase classname="testng.AnnotationsDemo2" name="f" time="0.012"/>
  <testcase classname="testng.AnnotationsDemo1" name="tc_03_checkSentItems" time="0.0">
    <ignored/>
  </testcase> <!-- tc_03_checkSentItems -->
  <testcase classname="testng.AnnotationsDemo1" name="tc_01_loginToGmail" time="0.0">
    <ignored/>
  </testcase> <!-- tc_01_loginToGmail -->
</testsuite> <!-- AnushaTest -->
