<?xml version="1.0" encoding="UTF-8"?>
<!-- Generated by org.testng.reporters.JUnitXMLReporter -->
<testsuite ignored="0" hostname="AnuLaptop" failures="0" tests="4" name="Default test" time="12.798" errors="0" timestamp="2025-04-25T17:16:30 MST">
  <testcase classname="testng.TS_01_Register" name="tc_01" time="5.392"/>
  <testcase classname="testng.TS_01_Register" name="tc_02" time="3.433"/>
  <testcase classname="testng.TS_01_Register" name="tc_03_and_04" time="0.095"/>
  <testcase classname="testng.TS_01_Register" name="tc_05" time="3.817"/>
</testsuite> <!-- Default test -->
