<?xml version="1.0" encoding="UTF-8"?>
<testng-results ignored="0" total="3" passed="3" failed="0" skipped="0">
  <reporter-output>
  </reporter-output>
  <suite started-at="2025-04-26T07:54:42 MDT" name="CBTSuite" finished-at="2025-04-26T07:55:10 MDT" duration-ms="28074">
    <groups>
    </groups>
    <test started-at="2025-04-26T07:54:42 MDT" name="ChromeTestResults" finished-at="2025-04-26T07:54:49 MDT" duration-ms="6809">
      <class name="testng.CrossBrowserTestingDemo">
        <test-method is-config="true" signature="beforeClass(java.lang.String)[pri:0, instance:testng.CrossBrowserTestingDemo@5e5d171f]" started-at="2025-04-26T07:54:42 MDT" name="beforeClass" finished-at="2025-04-26T07:54:44 MDT" duration-ms="1597" status="PASS">
          <params>
            <param index="0">
              <value>
                <![CDATA[Chrome]]>
              </value>
            </param>
          </params>
          <reporter-output>
          </reporter-output>
        </test-method> <!-- beforeClass -->
        <test-method signature="f()[pri:0, instance:testng.CrossBrowserTestingDemo@5e5d171f]" started-at="2025-04-26T07:54:44 MDT" name="f" finished-at="2025-04-26T07:54:48 MDT" duration-ms="4964" status="PASS">
          <reporter-output>
          </reporter-output>
        </test-method> <!-- f -->
        <test-method is-config="true" signature="afterClass()[pri:0, instance:testng.CrossBrowserTestingDemo@5e5d171f]" started-at="2025-04-26T07:54:48 MDT" name="afterClass" finished-at="2025-04-26T07:54:49 MDT" duration-ms="202" status="PASS">
          <reporter-output>
          </reporter-output>
        </test-method> <!-- afterClass -->
      </class> <!-- testng.CrossBrowserTestingDemo -->
    </test> <!-- ChromeTestResults -->
    <test started-at="2025-04-26T07:54:49 MDT" name="FirefoxTestResults" finished-at="2025-04-26T07:55:03 MDT" duration-ms="14081">
      <class name="testng.CrossBrowserTestingDemo">
        <test-method is-config="true" signature="beforeClass(java.lang.String)[pri:0, instance:testng.CrossBrowserTestingDemo@687e99d8]" started-at="2025-04-26T07:54:49 MDT" name="beforeClass" finished-at="2025-04-26T07:54:53 MDT" duration-ms="4240" status="PASS">
          <params>
            <param index="0">
              <value>
                <![CDATA[Firefox]]>
              </value>
            </param>
          </params>
          <reporter-output>
          </reporter-output>
        </test-method> <!-- beforeClass -->
        <test-method signature="f()[pri:0, instance:testng.CrossBrowserTestingDemo@687e99d8]" started-at="2025-04-26T07:54:53 MDT" name="f" finished-at="2025-04-26T07:55:02 MDT" duration-ms="9056" status="PASS">
          <reporter-output>
          </reporter-output>
        </test-method> <!-- f -->
        <test-method is-config="true" signature="afterClass()[pri:0, instance:testng.CrossBrowserTestingDemo@687e99d8]" started-at="2025-04-26T07:55:02 MDT" name="afterClass" finished-at="2025-04-26T07:55:03 MDT" duration-ms="780" status="PASS">
          <reporter-output>
          </reporter-output>
        </test-method> <!-- afterClass -->
      </class> <!-- testng.CrossBrowserTestingDemo -->
    </test> <!-- FirefoxTestResults -->
    <test started-at="2025-04-26T07:55:03 MDT" name="EdgeTestResults" finished-at="2025-04-26T07:55:10 MDT" duration-ms="7119">
      <class name="testng.CrossBrowserTestingDemo">
        <test-method is-config="true" signature="beforeClass(java.lang.String)[pri:0, instance:testng.CrossBrowserTestingDemo@6aaceffd]" started-at="2025-04-26T07:55:03 MDT" name="beforeClass" finished-at="2025-04-26T07:55:04 MDT" duration-ms="1235" status="PASS">
          <params>
            <param index="0">
              <value>
                <![CDATA[Edge]]>
              </value>
            </param>
          </params>
          <reporter-output>
          </reporter-output>
        </test-method> <!-- beforeClass -->
        <test-method signature="f()[pri:0, instance:testng.CrossBrowserTestingDemo@6aaceffd]" started-at="2025-04-26T07:55:04 MDT" name="f" finished-at="2025-04-26T07:55:09 MDT" duration-ms="4571" status="PASS">
          <reporter-output>
          </reporter-output>
        </test-method> <!-- f -->
        <test-method is-config="true" signature="afterClass()[pri:0, instance:testng.CrossBrowserTestingDemo@6aaceffd]" started-at="2025-04-26T07:55:09 MDT" name="afterClass" finished-at="2025-04-26T07:55:10 MDT" duration-ms="1308" status="PASS">
          <reporter-output>
          </reporter-output>
        </test-method> <!-- afterClass -->
      </class> <!-- testng.CrossBrowserTestingDemo -->
    </test> <!-- EdgeTestResults -->
  </suite> <!-- CBTSuite -->
</testng-results>
