<?xml version="1.0" encoding="UTF-8"?>
<testng-results ignored="0" total="4" passed="4" failed="0" skipped="0">
  <reporter-output>
  </reporter-output>
  <suite started-at="2025-04-25T17:16:17 MST" name="Default suite" finished-at="2025-04-25T17:16:30 MST" duration-ms="12798">
    <groups>
    </groups>
    <test started-at="2025-04-25T17:16:17 MST" name="Default test" finished-at="2025-04-25T17:16:30 MST" duration-ms="12798">
      <class name="testng.TS_01_Register">
        <test-method signature="tc_01()[pri:0, instance:testng.TS_01_Register@368f2016]" started-at="2025-04-25T17:16:17 MST" name="tc_01" finished-at="2025-04-25T17:16:23 MST" duration-ms="5392" status="PASS">
          <reporter-output>
          </reporter-output>
        </test-method> <!-- tc_01 -->
        <test-method signature="tc_02()[pri:0, instance:testng.TS_01_Register@368f2016]" started-at="2025-04-25T17:16:23 MST" name="tc_02" finished-at="2025-04-25T17:16:26 MST" duration-ms="3433" status="PASS">
          <reporter-output>
          </reporter-output>
        </test-method> <!-- tc_02 -->
        <test-method signature="tc_03_and_04()[pri:0, instance:testng.TS_01_Register@368f2016]" started-at="2025-04-25T17:16:26 MST" name="tc_03_and_04" finished-at="2025-04-25T17:16:26 MST" duration-ms="95" status="PASS">
          <reporter-output>
          </reporter-output>
        </test-method> <!-- tc_03_and_04 -->
        <test-method signature="tc_05()[pri:0, instance:testng.TS_01_Register@368f2016]" started-at="2025-04-25T17:16:26 MST" name="tc_05" finished-at="2025-04-25T17:16:30 MST" duration-ms="3817" status="PASS">
          <reporter-output>
          </reporter-output>
        </test-method> <!-- tc_05 -->
      </class> <!-- testng.TS_01_Register -->
    </test> <!-- Default test -->
  </suite> <!-- Default suite -->
</testng-results>
